{
  "RSpec": {
    "coverage": {
      "/Users/taylorwu/Desktop/dpl/week5/school_spec/app/controllers/schools_controller.rb": [
        1,
        1,
        null,
        1,
        4,
        null,
        null,
        1,
        null,
        null,
        1,
        null,
        null,
        1,
        4,
        4,
        4,
        null,
        0,
        null,
        null,
        null,
        1,
        3,
        null,
        null,
        1,
        5,
        5,
        4,
        4,
        null,
        1,
        null,
        null,
        null,
        1,
        4,
        4,
        4,
        null,
        null,
        1,
        1,
        9,
        null,
        null,
        1,
        14,
        null,
        null
      ],
      "/Users/taylorwu/Desktop/dpl/week5/school_spec/app/controllers/application_controller.rb": [
        1,
        null,
        null,
        1,
        null
      ],
      "/Users/taylorwu/Desktop/dpl/week5/school_spec/app/models/school.rb": [
        1,
        1,
        null,
        1,
        0,
        null,
        null,
        1,
        0,
        0,
        0,
        0,
        0,
        0,
        0,
        null,
        null,
        null
      ]
    },
    "timestamp": 1465428619
  }
}
